2025-05-30 14:58:20,792 - INFO - üöÄ ML TRADING BOT - PROOF OF CONCEPT MODE
2025-05-30 14:58:20,793 - INFO - ü§ñ Demonstrating full functionality with simulated trades
2025-05-30 14:58:20,793 - INFO - üí∞ This shows exactly what would happen when API is fixed
2025-05-30 14:58:20,793 - INFO - ======================================================================
2025-05-30 15:03:21,058 - ERROR - Connection error: 
2025-05-30 15:03:21,058 - WARNING - ‚è∏Ô∏è  IQOption API disconnected
2025-05-30 15:04:42,344 - ERROR - Future exception was never retrieved
future: <Future finished exception=ClientConnectionError('Connection lost: [Errno 104] Connection reset by peer')>
Traceback (most recent call last):
  File "/usr/local/lib/python3.11/asyncio/selector_events.py", line 999, in _read_ready__data_received
    data = self._sock.recv(self.max_size)
           ^^^^^^^^^^^^^^^^^^^^^^^^^^^^^^
ConnectionResetError: [Errno 104] Connection reset by peer

The above exception was the direct cause of the following exception:

aiohttp.client_exceptions.ClientConnectionError: Connection lost: [Errno 104] Connection reset by peer
2025-05-30 15:04:42,380 - ERROR - Connection error: Cannot connect to host localhost:8001 ssl:default [Connect call failed ('127.0.0.1', 8001)]
2025-05-30 15:04:42,381 - WARNING - ‚è∏Ô∏è  IQOption API disconnected
2025-05-30 15:05:12,639 - INFO - üß† ML Scan #3
2025-05-30 15:05:12,639 - INFO - üí∞ Real Balance: $24.82
2025-05-30 15:05:12,639 - INFO - üéÆ Virtual Balance: $1000.00
2025-05-30 15:05:13,130 - INFO - ü§ñ ML SIGNAL #1
2025-05-30 15:05:13,130 - INFO -    Asset: EURUSD
2025-05-30 15:05:13,130 - INFO -    Strategy: adaptive_ml
2025-05-30 15:05:13,130 - INFO -    Signal: PUT
2025-05-30 15:05:13,130 - INFO -    Confidence: 95.0%
2025-05-30 15:05:13,130 - INFO -    ML Probability: 24.8%
2025-05-30 15:05:13,130 - INFO -    ‚úÖ HIGH CONFIDENCE - WOULD EXECUTE TRADE!
2025-05-30 15:05:13,130 - INFO -    üéØ SIMULATED RESULT: WIN
2025-05-30 15:05:13,130 - INFO -    üí∞ P&L: $+4.00
2025-05-30 15:05:13,130 - INFO -    üìä Virtual Balance: $1004.00
2025-05-30 15:05:13,130 - INFO -    üéâ VIRTUAL TRADE WON!
2025-05-30 15:05:14,680 - INFO - ü§ñ ML SIGNAL #2
2025-05-30 15:05:14,681 - INFO -    Asset: EURUSD
2025-05-30 15:05:14,681 - INFO -    Strategy: ml_enhanced
2025-05-30 15:05:14,681 - INFO -    Signal: PUT
2025-05-30 15:05:14,681 - INFO -    Confidence: 95.0%
2025-05-30 15:05:14,681 - INFO -    ML Probability: 24.9%
2025-05-30 15:05:14,681 - INFO -    ‚úÖ HIGH CONFIDENCE - WOULD EXECUTE TRADE!
2025-05-30 15:05:14,681 - INFO -    üéØ SIMULATED RESULT: WIN
2025-05-30 15:05:14,681 - INFO -    üí∞ P&L: $+4.00
2025-05-30 15:05:14,681 - INFO -    üìä Virtual Balance: $1008.00
2025-05-30 15:05:14,681 - INFO -    üéâ VIRTUAL TRADE WON!
2025-05-30 15:05:16,832 - INFO - üìä PERFORMANCE SUMMARY:
2025-05-30 15:05:16,832 - INFO -    Total ML Signals: 2
2025-05-30 15:05:16,832 - INFO -    High-Confidence Signals: 2
2025-05-30 15:05:16,832 - INFO -    Would-Execute Trades: 2
2025-05-30 15:05:16,832 - INFO -    Virtual Profit: $+8.00
2025-05-30 15:05:16,832 - INFO -    Simulated Win Rate: 90.0%
2025-05-30 15:05:16,832 - INFO - --------------------------------------------------
